scrub: warning: /mnt/flash/persist/secure.old is zero length
scrub: using NNSA NAP-14.1-C patterns
scrub: using NNSA NAP-14.1-C patterns
scrub: padding /mnt/flash/persist/secure.old with 3072 bytes to fill last fs block
scrub: scrubbing /mnt/flash/persist/secure.old 8192 bytes
scrub: random  |................................................|
scrub: random  |................................................|
scrub: 0x00    |................................................|
scrub: verify  |................................................|
scrub: using NNSA NAP-14.1-C patterns
scrub: padding /mnt/flash/persist/secure.old with 3072 bytes to fill last fs block
scrub: scrubbing /mnt/flash/persist/secure.old 8192 bytes
scrub: random  |................................................|
scrub: random  |................................................|
scrub: 0x00    |................................................|
scrub: verify  |................................................|
scrub: using NNSA NAP-14.1-C patterns
scrub: padding /mnt/flash/persist/secure.old with 2048 bytes to fill last fs block
scrub: scrubbing /mnt/flash/persist/secure.old 12288 bytes (~12KB)
scrub: random  |................................................|
scrub: random  |................................................|
scrub: 0x00    |................................................|
scrub: verify  |................................................|
scrub: using NNSA NAP-14.1-C patterns
scrub: padding /mnt/flash/persist/secure.old with 2048 bytes to fill last fs block
scrub: scrubbing /mnt/flash/persist/secure.old 12288 bytes (~12KB)
scrub: random  |................................................|
scrub: random  |................................................|
scrub: 0x00    |................................................|
scrub: verify  |................................................|
scrub: using NNSA NAP-14.1-C patterns
scrub: padding /mnt/flash/persist/secure.old with 2048 bytes to fill last fs block
scrub: scrubbing /mnt/flash/persist/secure.old 12288 bytes (~12KB)
scrub: random  |................................................|
scrub: random  |................................................|
scrub: 0x00    |................................................|
scrub: verify  |................................................|
scrub: using NNSA NAP-14.1-C patterns
scrub: padding /mnt/flash/persist/secure.old with 2048 bytes to fill last fs block
scrub: scrubbing /mnt/flash/persist/secure.old 12288 bytes (~12KB)
scrub: random  |................................................|
scrub: random  |................................................|
scrub: 0x00    |................................................|
scrub: verify  |................................................|
scrub: using NNSA NAP-14.1-C patterns
scrub: padding /mnt/flash/persist/secure.old with 2048 bytes to fill last fs block
scrub: scrubbing /mnt/flash/persist/secure.old 12288 bytes (~12KB)
scrub: random  |................................................|
scrub: random  |................................................|
scrub: 0x00    |................................................|
scrub: verify  |................................................|
scrub: using NNSA NAP-14.1-C patterns
scrub: padding /mnt/flash/persist/secure.old with 2048 bytes to fill last fs block
scrub: scrubbing /mnt/flash/persist/secure.old 12288 bytes (~12KB)
scrub: random  |................................................|
scrub: random  |................................................|
scrub: 0x00    |................................................|
scrub: verify  |................................................|
scrub: using NNSA NAP-14.1-C patterns
scrub: padding /mnt/flash/persist/secure.old with 2048 bytes to fill last fs block
scrub: scrubbing /mnt/flash/persist/secure.old 12288 bytes (~12KB)
scrub: random  |................................................|
scrub: random  |................................................|
scrub: 0x00    |................................................|
scrub: verify  |................................................|
scrub: using NNSA NAP-14.1-C patterns
scrub: padding /mnt/flash/persist/secure.old with 1024 bytes to fill last fs block
scrub: scrubbing /mnt/flash/persist/secure.old 16384 bytes (~16KB)
scrub: random  |................................................|
scrub: random  |................................................|
scrub: 0x00    |................................................|
scrub: verify  |................................................|
scrub: using NNSA NAP-14.1-C patterns
scrub: padding /mnt/flash/persist/secure.old with 1024 bytes to fill last fs block
scrub: scrubbing /mnt/flash/persist/secure.old 16384 bytes (~16KB)
scrub: random  |................................................|
scrub: random  |................................................|
scrub: 0x00    |................................................|
scrub: verify  |................................................|
scrub: using NNSA NAP-14.1-C patterns
scrub: padding /mnt/flash/persist/secure.old with 1024 bytes to fill last fs block
scrub: scrubbing /mnt/flash/persist/secure.old 16384 bytes (~16KB)
scrub: random  |................................................|
scrub: random  |................................................|
scrub: 0x00    |................................................|
scrub: verify  |................................................|
scrub: using NNSA NAP-14.1-C patterns
scrub: padding /mnt/flash/persist/secure.old with 1024 bytes to fill last fs block
scrub: scrubbing /mnt/flash/persist/secure.old 16384 bytes (~16KB)
scrub: random  |................................................|
scrub: random  |................................................|
scrub: 0x00    |................................................|
scrub: verify  |................................................|
scrub: using NNSA NAP-14.1-C patterns
scrub: scrubbing /mnt/flash/persist/secure.old 20480 bytes (~20KB)
scrub: random  |................................................|
scrub: random  |................................................|
scrub: 0x00    |................................................|
scrub: verify  |................................................|
scrub: using NNSA NAP-14.1-C patterns
scrub: padding /mnt/flash/persist/secure.old with 3072 bytes to fill last fs block
scrub: scrubbing /mnt/flash/persist/secure.old 28672 bytes (~28KB)
scrub: random  |................................................|
scrub: random  |................................................|
scrub: 0x00    |................................................|
scrub: verify  |................................................|
scrub: using NNSA NAP-14.1-C patterns
scrub: padding /mnt/flash/persist/secure.old with 3072 bytes to fill last fs block
scrub: scrubbing /mnt/flash/persist/secure.old 28672 bytes (~28KB)
scrub: random  |................................................|
scrub: random  |................................................|
scrub: 0x00    |................................................|
scrub: verify  |................................................|
