Fri Apr  2 15:30:03 UTC 2021
reading config file /etc/logrotate.conf
including /etc/logrotate.d
Ignoring syslog.Eos, because of .Eos ending
reading config file mcelog
reading config file nginx
reading config file ppp
reading config file radsecproxy
reading config file snmpd
reading config file syslog
reading config file yum
Allocating hash table for state file, size 10496 B

Handling 19 logs

rotating pattern: /var/log/mcelog  512000 bytes (4 rotations)
empty log files are not rotated, old logs are removed
considering log /var/log/mcelog
  log does not need rotating (log size is below the 'size' threshold)

rotating pattern: /var/log/nginx-*.log  512000 bytes (4 rotations)
empty log files are not rotated, old logs are removed
considering log /var/log/nginx-access.log
  log does not need rotating (log size is below the 'size' threshold)
considering log /var/log/nginx-error.log
  log does not need rotating (log size is below the 'size' threshold)
not running postrotate script, since no logs were rotated

rotating pattern: /var/log/ppp/connect-errors  after 1 days (5 rotations)
empty log files are not rotated, old logs are removed
considering log /var/log/ppp/connect-errors

rotating pattern: /var/log/radsecproxy/radsecproxy.log  10240 bytes (4 rotations)
empty log files are not rotated, old logs are removed
switching euid to 999 and egid to 996
considering log /var/log/radsecproxy/radsecproxy.log
  log /var/log/radsecproxy/radsecproxy.log does not exist -- skipping
not running postrotate script, since no logs were rotated
switching euid to 0 and egid to 0

rotating pattern: /var/log/snmpd  10240 bytes (4 rotations)
empty log files are not rotated, old logs are removed
considering log /var/log/snmpd
  log /var/log/snmpd does not exist -- skipping
not running postrotate script, since no logs were rotated

rotating pattern: /var/log/secure /var/log/maillog /var/log/spooler  10240 bytes (4 rotations)
empty log files are not rotated, old logs are removed
considering log /var/log/secure
  log does not need rotating (log size is below the 'size' threshold)
considering log /var/log/maillog
  log does not need rotating (log size is below the 'size' threshold)
considering log /var/log/spooler
  log does not need rotating (log size is below the 'size' threshold)
not running postrotate script, since no logs were rotated

rotating pattern: /var/log/yum.log  yearly (4 rotations)
empty log files are not rotated, log files >= 30720 are rotated earlier, old logs are removed
considering log /var/log/yum.log
  log /var/log/yum.log does not exist -- skipping

rotating pattern: /var/log/wtmp  monthly (1 rotations)
empty log files are not rotated, old logs are removed
considering log /var/log/wtmp
  log does not need rotating (log has been already rotated)
rotating pattern: /var/log/btmp  1048576 bytes (1 rotations)
empty log files are not rotated, old logs are removed
considering log /var/log/btmp
  log does not need rotating (log size is below the 'size' threshold)

rotating pattern: /var/log/account.log  2097152 bytes (3 rotations)
empty log files are not rotated, old logs are removed
considering log /var/log/account.log
  log does not need rotating (log size is below the 'size' threshold)

rotating pattern: /var/log/messages /var/log/eos  10485760 bytes (4 rotations)
empty log files are not rotated, old logs are removed
considering log /var/log/messages
  log does not need rotating (log size is below the 'size' threshold)
considering log /var/log/eos
  log does not need rotating (log size is below the 'size' threshold)
not running prerotate script, since no logs will be rotated
not running postrotate script, since no logs were rotated

rotating pattern: /var/log/kernel.debug /var/log/canary.log  2097152 bytes (4 rotations)
empty log files are not rotated, old logs are removed
considering log /var/log/kernel.debug
  log /var/log/kernel.debug does not exist -- skipping
considering log /var/log/canary.log
  log /var/log/canary.log does not exist -- skipping
not running postrotate script, since no logs were rotated

rotating pattern: /var/log/eos-console /var/log/eos-console-sync /var/log/eos-monitor /var/log/eos-monitor-sync  10240 bytes (no old logs will be kept)
empty log files are not rotated, old logs are removed
considering log /var/log/eos-console
  log does not need rotating (log size is below the 'size' threshold)
considering log /var/log/eos-console-sync
  log does not need rotating (log size is below the 'size' threshold)
considering log /var/log/eos-monitor
  log does not need rotating (log size is below the 'size' threshold)
considering log /var/log/eos-monitor-sync
  log does not need rotating (log size is below the 'size' threshold)
not running postrotate script, since no logs were rotated

rotating pattern: "/var/core/core*.*[^.'gz']?"  10240 bytes (4 rotations)
empty log files are not rotated, old logs are removed
considering log /var/core/core*.*[^.'gz']?
  log /var/core/core*.*[^.'gz']? does not exist -- skipping
not running postrotate script, since no logs were rotated

rotating pattern: "/var/log/qt/*.qt.[12]"  10240 bytes (no old logs will be kept)
empty log files are not rotated, old logs are removed
considering log /var/log/qt/*.qt.[12]
  log /var/log/qt/*.qt.[12] does not exist -- skipping

rotating pattern: "/var/log/agents/*-[0-9]*[^g][^z]"  512000 bytes (4 rotations)
empty log files are not rotated, old logs are removed
considering log /var/log/agents/Aaa-1057
  log does not need rotating (log size is below the 'size' threshold)
considering log /var/log/agents/Acl-1067
  log does not need rotating (log size is below the 'size' threshold)
considering log /var/log/agents/AgentMonitor-1040
  log does not need rotating (log size is below the 'size' threshold)
considering log /var/log/agents/Arp-1090
  log does not need rotating (log size is below the 'size' threshold)
considering log /var/log/agents/Bgp-1196
  log does not need rotating (log size is below the 'size' threshold)
considering log /var/log/agents/BgpCliHelper-1200
  log does not need rotating (log size is below the 'size' threshold)
considering log /var/log/agents/CapiApp-1026
  log does not need rotating (log size is below the 'size' threshold)
considering log /var/log/agents/ConfigAgent-649
  log does not need rotating (log size is below the 'size' threshold)
considering log /var/log/agents/ConnectedRoute-1189
  log does not need rotating (log size is below the 'size' threshold)
considering log /var/log/agents/Ebra-1126
  log does not need rotating (log size is below the 'size' threshold)
considering log /var/log/agents/Etba-1083
  log does not need rotating (log size is below the 'size' threshold)
considering log /var/log/agents/EventHistoryAgent-1053
  log does not need rotating (log size is below the 'size' threshold)
considering log /var/log/agents/EventMgr-1019
  log does not need rotating (log size is below the 'size' threshold)
considering log /var/log/agents/EvpnrtrEncap-1199
  log does not need rotating (log size is below the 'size' threshold)
considering log /var/log/agents/FibServices-1042
  log does not need rotating (log size is below the 'size' threshold)
considering log /var/log/agents/Fru-650
  log does not need rotating (log size is below the 'size' threshold)
considering log /var/log/agents/IgmpSnooping-1138
  log does not need rotating (log size is below the 'size' threshold)
considering log /var/log/agents/IpRib-1188
  log does not need rotating (log size is below the 'size' threshold)
considering log /var/log/agents/Ira-1012
  log does not need rotating (log size is below the 'size' threshold)
considering log /var/log/agents/KernelFib-1096
  log does not need rotating (log size is below the 'size' threshold)
considering log /var/log/agents/KernelNetworkInfo-1076
  log does not need rotating (log size is below the 'size' threshold)
considering log /var/log/agents/L2Rib-1115
  log does not need rotating (log size is below the 'size' threshold)
considering log /var/log/agents/LacpTxAgent-991
  log does not need rotating (log size is below the 'size' threshold)
considering log /var/log/agents/Lag-1005
  log does not need rotating (log size is below the 'size' threshold)
considering log /var/log/agents/Launcher-652
  log does not need rotating (log size is below the 'size' threshold)
considering log /var/log/agents/LedPolicy-1014
  log does not need rotating (log size is below the 'size' threshold)
considering log /var/log/agents/Lldp-1094
  log does not need rotating (log size is below the 'size' threshold)
considering log /var/log/agents/McastCommon-992
  log does not need rotating (log size is below the 'size' threshold)
considering log /var/log/agents/McastCommon6-1078
  log does not need rotating (log size is below the 'size' threshold)
considering log /var/log/agents/OpenConfig-995
  log does not need rotating (log size is below the 'size' threshold)
considering log /var/log/agents/PhyEthtool-1049
  log does not need rotating (log size is below the 'size' threshold)
considering log /var/log/agents/PortSec-1009
  log does not need rotating (log size is below the 'size' threshold)
considering log /var/log/agents/PowerFuse-1123
  log does not need rotating (log size is below the 'size' threshold)
considering log /var/log/agents/ProcMgr-master-560
  log does not need rotating (log size is below the 'size' threshold)
considering log /var/log/agents/ProcMgr-worker-586
  log does not need rotating (log size is below the 'size' threshold)
considering log /var/log/agents/Qos-1100
  log does not need rotating (log size is below the 'size' threshold)
considering log /var/log/agents/ReloadCauseAgent-1130
  log does not need rotating (log size is below the 'size' threshold)
considering log /var/log/agents/RouteInput-1208
  log does not need rotating (log size is below the 'size' threshold)
considering log /var/log/agents/SharedSecretProfile-1135
  log does not need rotating (log size is below the 'size' threshold)
considering log /var/log/agents/SlabMonitor-648
  log does not need rotating (log size is below the 'size' threshold)
considering log /var/log/agents/StageMgr-647
  log does not need rotating (log size is below the 'size' threshold)
considering log /var/log/agents/StandbyCpld-1032
  log does not need rotating (log size is below the 'size' threshold)
considering log /var/log/agents/StaticRoute-1206
  log does not need rotating (log size is below the 'size' threshold)
considering log /var/log/agents/Stp-1074
  log does not need rotating (log size is below the 'size' threshold)
considering log /var/log/agents/StpTopology-1062
  log does not need rotating (log size is below the 'size' threshold)
considering log /var/log/agents/StpTxRx-1030
  log does not need rotating (log size is below the 'size' threshold)
considering log /var/log/agents/SuperServer-993
  log does not need rotating (log size is below the 'size' threshold)
considering log /var/log/agents/Sysdb-651
  log does not need rotating (log size is below the 'size' threshold)
considering log /var/log/agents/Thermostat-1108
  log does not need rotating (log size is below the 'size' threshold)
considering log /var/log/agents/TopoAgent-1119
  log does not need rotating (log size is below the 'size' threshold)
considering log /var/log/agents/Tunnel-1046
  log does not need rotating (log size is below the 'size' threshold)

rotating pattern: "/var/log/ribd_dump*.*[^.'gz']?"  10240 bytes (4 rotations)
empty log files are not rotated, old logs are removed
considering log /var/log/ribd_dump*.*[^.'gz']?
  log /var/log/ribd_dump*.*[^.'gz']? does not exist -- skipping
not running postrotate script, since no logs were rotated

rotating pattern: /var/log/charon.log  3145728 bytes (4 rotations)
empty log files are not rotated, old logs are removed
considering log /var/log/charon.log
  log /var/log/charon.log does not exist -- skipping

rotating pattern: /var/log/watchdogd.log  512000 bytes (4 rotations)
empty log files are not rotated, old logs are removed
considering log /var/log/watchdogd.log
  log does not need rotating (log size is below the 'size' threshold)
