2021 Apr 01 15:26:54                                      stop   service=shell priv-lvl=1 cmd=enable
2021 Apr 01 15:26:57                                      stop   service=shell priv-lvl=15 cmd=show interfaces status
2021 Apr 01 15:27:03                                      stop   service=shell priv-lvl=15 cmd=show management api gnmi
2021 Apr 01 15:27:06                                      stop   service=shell priv-lvl=15 cmd=show running-config
2021 Apr 01 15:27:09                                      stop   service=shell priv-lvl=15 cmd=show management api gnmi
2021 Apr 01 15:27:10                                      stop   service=shell priv-lvl=15 cmd=show management api gnmi
2021 Apr 01 15:27:10                                      stop   service=shell priv-lvl=15 cmd=show management api gnmi
2021 Apr 01 15:27:11                                      stop   service=shell priv-lvl=15 cmd=show management api gnmi
2021 Apr 01 15:27:11                                      stop   service=shell priv-lvl=15 cmd=show management api gnmi
2021 Apr 01 15:27:11                                      stop   service=shell priv-lvl=15 cmd=show management api gnmi
2021 Apr 01 15:27:11                                      stop   service=shell priv-lvl=15 cmd=show management api gnmi
2021 Apr 01 15:27:11                                      stop   service=shell priv-lvl=15 cmd=show management api gnmi
2021 Apr 01 15:27:11                                      stop   service=shell priv-lvl=15 cmd=show management api gnmi
2021 Apr 01 15:27:12                                      stop   service=shell priv-lvl=15 cmd=show management api gnmi
2021 Apr 01 15:27:12                                      stop   service=shell priv-lvl=15 cmd=show management api gnmi
2021 Apr 01 15:27:12                                      stop   service=shell priv-lvl=15 cmd=show management api gnmi
2021 Apr 01 15:27:12                                      stop   service=shell priv-lvl=15 cmd=show management api gnmi
2021 Apr 01 15:27:13                                      stop   service=shell priv-lvl=15 cmd=show management api gnmi
2021 Apr 01 15:27:13                                      stop   service=shell priv-lvl=15 cmd=show management api gnmi
2021 Apr 01 15:27:14                                      stop   service=shell priv-lvl=15 cmd=show management api gnmi
2021 Apr 01 15:27:14                                      stop   service=shell priv-lvl=15 cmd=show management api gnmi
2021 Apr 01 15:27:14                                      stop   service=shell priv-lvl=15 cmd=show management api gnmi
2021 Apr 01 15:27:14                                      stop   service=shell priv-lvl=15 cmd=show management api gnmi
2021 Apr 01 15:27:14                                      stop   service=shell priv-lvl=15 cmd=show management api gnmi
2021 Apr 01 15:27:15                                      stop   service=shell priv-lvl=15 cmd=show management api gnmi
2021 Apr 01 15:27:15                                      stop   service=shell priv-lvl=15 cmd=show management api gnmi
2021 Apr 01 15:27:16                                      stop   service=shell priv-lvl=15 cmd=show management api gnmi
2021 Apr 01 15:27:16                                      stop   service=shell priv-lvl=15 cmd=show management api gnmi
2021 Apr 01 15:27:16                                      stop   service=shell priv-lvl=15 cmd=show management api gnmi
2021 Apr 01 15:27:18                                      stop   service=shell priv-lvl=15 cmd=exit
