scrub: warning: /mnt/flash/persist/secure.old is zero length
scrub: using NNSA NAP-14.1-C patterns
scrub: using NNSA NAP-14.1-C patterns
scrub: padding /mnt/flash/persist/secure.old with 3072 bytes to fill last fs block
scrub: scrubbing /mnt/flash/persist/secure.old 28672 bytes (~28KB)
scrub: random  |................................................|
scrub: random  |................................................|
scrub: 0x00    |................................................|
scrub: verify  |................................................|
scrub: using NNSA NAP-14.1-C patterns
scrub: padding /mnt/flash/persist/secure.old with 3072 bytes to fill last fs block
scrub: scrubbing /mnt/flash/persist/secure.old 28672 bytes (~28KB)
scrub: random  |................................................|
scrub: random  |................................................|
scrub: 0x00    |................................................|
scrub: verify  |................................................|
scrub: using NNSA NAP-14.1-C patterns
scrub: padding /mnt/flash/persist/secure.old with 3072 bytes to fill last fs block
scrub: scrubbing /mnt/flash/persist/secure.old 28672 bytes (~28KB)
scrub: random  |................................................|
scrub: random  |................................................|
scrub: 0x00    |................................................|
scrub: verify  |................................................|
scrub: using NNSA NAP-14.1-C patterns
scrub: padding /mnt/flash/persist/secure.old with 3072 bytes to fill last fs block
scrub: scrubbing /mnt/flash/persist/secure.old 28672 bytes (~28KB)
scrub: random  |................................................|
scrub: random  |................................................|
scrub: 0x00    |................................................|
scrub: verify  |................................................|
scrub: using NNSA NAP-14.1-C patterns
scrub: padding /mnt/flash/persist/secure.old with 3072 bytes to fill last fs block
scrub: scrubbing /mnt/flash/persist/secure.old 28672 bytes (~28KB)
scrub: random  |................................................|
scrub: random  |................................................|
scrub: 0x00    |................................................|
scrub: verify  |................................................|
scrub: using NNSA NAP-14.1-C patterns
scrub: padding /mnt/flash/persist/secure.old with 3072 bytes to fill last fs block
scrub: scrubbing /mnt/flash/persist/secure.old 28672 bytes (~28KB)
scrub: random  |................................................|
scrub: random  |................................................|
scrub: 0x00    |................................................|
scrub: verify  |................................................|
scrub: using NNSA NAP-14.1-C patterns
scrub: padding /mnt/flash/persist/secure.old with 3072 bytes to fill last fs block
scrub: scrubbing /mnt/flash/persist/secure.old 28672 bytes (~28KB)
scrub: random  |................................................|
scrub: random  |................................................|
scrub: 0x00    |................................................|
scrub: verify  |................................................|
scrub: using NNSA NAP-14.1-C patterns
scrub: padding /mnt/flash/persist/secure.old with 3072 bytes to fill last fs block
scrub: scrubbing /mnt/flash/persist/secure.old 28672 bytes (~28KB)
scrub: random  |................................................|
scrub: random  |................................................|
scrub: 0x00    |................................................|
scrub: verify  |................................................|
scrub: using NNSA NAP-14.1-C patterns
scrub: padding /mnt/flash/persist/secure.old with 3072 bytes to fill last fs block
scrub: scrubbing /mnt/flash/persist/secure.old 28672 bytes (~28KB)
scrub: random  |................................................|
scrub: random  |................................................|
scrub: 0x00    |................................................|
scrub: verify  |................................................|
scrub: using NNSA NAP-14.1-C patterns
scrub: padding /mnt/flash/persist/secure.old with 3072 bytes to fill last fs block
scrub: scrubbing /mnt/flash/persist/secure.old 28672 bytes (~28KB)
scrub: random  |................................................|
scrub: random  |................................................|
scrub: 0x00    |................................................|
scrub: verify  |................................................|
scrub: using NNSA NAP-14.1-C patterns
scrub: padding /mnt/flash/persist/secure.old with 3072 bytes to fill last fs block
scrub: scrubbing /mnt/flash/persist/secure.old 28672 bytes (~28KB)
scrub: random  |................................................|
scrub: random  |................................................|
scrub: 0x00    |................................................|
scrub: verify  |................................................|
scrub: using NNSA NAP-14.1-C patterns
scrub: padding /mnt/flash/persist/secure.old with 3072 bytes to fill last fs block
scrub: scrubbing /mnt/flash/persist/secure.old 28672 bytes (~28KB)
scrub: random  |................................................|
scrub: random  |................................................|
scrub: 0x00    |................................................|
scrub: verify  |................................................|
